Upload started: bad_resume.pdf
Upload failed: bad_resume.pdf | Reason: Stream has ended unexpectedly
Upload started: Rahul_Verma_resume.docx
Upload successful: Rahul_Verma_resume.docx
Upload started: nisha_resume.pdf
AI API successful: nisha_resume.pdf | Time taken: 0.53 seconds
Upload successful: nisha_resume.pdf
Search: skill='', location='Kochi', experience='0' | Results: 2
Upload started: Arjun_Nair_2.pdf
AI API failed: Arjun_Nair_2.pdf | Time taken: 0.26 seconds | Error: Error code: 401 - {'error': {'message': 'Invalid API Key', 'type': 'invalid_request_error', 'code': 'invalid_api_key'}}
Upload failed: Arjun Nair (2).pdf | Reason: no such table: retry_jobs
Upload started: Aiswarya_resume.docx
AI API failed: Aiswarya_resume.docx | Time taken: 0.25 seconds | Error: Error code: 401 - {'error': {'message': 'Invalid API Key', 'type': 'invalid_request_error', 'code': 'invalid_api_key'}}
Upload started: Divya_resume.pdf
AI API successful: Divya_resume.pdf | Time taken: 0.66 seconds
Upload successful: Divya_resume.pdf
Upload started: Kiran_Patel_resume.docx
AI API successful: Kiran_Patel_resume.docx | Time taken: 0.56 seconds
Upload successful: Kiran_Patel_resume.docx
Upload started: Ananya_resume.docx
AI API successful: Ananya_resume.docx | Time taken: 0.49 seconds
Upload successful: Ananya_resume.docx
Upload started: nithin_resume.docx
AI API successful: nithin_resume.docx | Time taken: 0.59 seconds
Upload successful: nithin_resume.docx
Unhandled exception: 404 Not Found: The requested URL was not found on the server. If you entered the URL manually please check your spelling and try again.
Traceback (most recent call last):
  File "C:\Users\vvaad\OneDrive\Desktop\talent-pool-search\venv\Lib\site-packages\flask\app.py", line 917, in full_dispatch_request
    rv = self.dispatch_request()
  File "C:\Users\vvaad\OneDrive\Desktop\talent-pool-search\venv\Lib\site-packages\flask\app.py", line 891, in dispatch_request
    self.raise_routing_exception(req)
    ~~~~~~~~~~~~~~~~~~~~~~~~~~~~^^^^^
  File "C:\Users\vvaad\OneDrive\Desktop\talent-pool-search\venv\Lib\site-packages\flask\app.py", line 500, in raise_routing_exception
    raise request.routing_exception  # type: ignore[misc]
    ^^^^^^^^^^^^^^^^^^^^^^^^^^^^^^^
  File "C:\Users\vvaad\OneDrive\Desktop\talent-pool-search\venv\Lib\site-packages\flask\ctx.py", line 362, in match_request
    result = self.url_adapter.match(return_rule=True)  # type: ignore
  File "C:\Users\vvaad\OneDrive\Desktop\talent-pool-search\venv\Lib\site-packages\werkzeug\routing\map.py", line 629, in match
    raise NotFound() from None
werkzeug.exceptions.NotFound: 404 Not Found: The requested URL was not found on the server. If you entered the URL manually please check your spelling and try again.
Upload started: sneha_resume.pdf
AI API successful: sneha_resume.pdf | Time taken: 0.51 seconds
Upload successful: sneha_resume.pdf
Upload started: Aditya_resume.docx
AI API successful: Aditya_resume.docx | Time taken: 0.48 seconds
Upload successful: Aditya_resume.docx
Upload started: aman_resume.docx
Upload failed: aman resume.docx | Reason: name 'emails' is not defined
Upload started: aman_resume.docx
AI API successful: aman_resume.docx | Time taken: 0.52 seconds
Upload successful: aman_resume.docx
AI API successful: Aiswarya_resume.docx | Time taken: 0.73 seconds
Search: skill='', location='Chennai', experience='0' | Results: 6
